[debug] [2022-09-01T18:22:35.058Z] ----------------------------------------------------------------------
[debug] [2022-09-01T18:22:35.060Z] Command:       C:\Program Files\nodejs\node.exe C:\Users\USUARIO\AppData\Roaming\npm\node_modules\firebase-tools\lib\bin\firebase.js init
[debug] [2022-09-01T18:22:35.060Z] CLI Version:   11.8.0
[debug] [2022-09-01T18:22:35.061Z] Platform:      win32
[debug] [2022-09-01T18:22:35.061Z] Node Version:  v16.16.0
[debug] [2022-09-01T18:22:35.063Z] Time:          Thu Sep 01 2022 14:22:35 GMT-0400 (hora de Venezuela)
[debug] [2022-09-01T18:22:35.063Z] ----------------------------------------------------------------------
[debug] 
[debug] [2022-09-01T18:22:35.082Z] > command requires scopes: ["email","openid","https://www.googleapis.com/auth/cloudplatformprojects.readonly","https://www.googleapis.com/auth/firebase","https://www.googleapis.com/auth/cloud-platform"]
[debug] [2022-09-01T18:22:35.083Z] > authorizing via signed-in user (mibebe0669@gmail.com)
[info] 
     ######## #### ########  ######## ########     ###     ######  ########
     ##        ##  ##     ## ##       ##     ##  ##   ##  ##       ##
     ######    ##  ########  ######   ########  #########  ######  ######
     ##        ##  ##    ##  ##       ##     ## ##     ##       ## ##
     ##       #### ##     ## ######## ########  ##     ##  ######  ########

You're about to initialize a Firebase project in this directory:

  C:\Users\USUARIO\Documents\Proyecto lis\Lisbeth\Pagina

[info] 
=== Project Setup
[info] 
[info] First, let's associate this project directory with a Firebase project.
[info] You can create multiple project aliases by running firebase use --add, 
[info] but for now we'll just set up a default project.
[info] 
[debug] [2022-09-01T18:22:43.945Z] >>> [apiv2][query] GET https://firebase.googleapis.com/v1beta1/projects pageSize=100
[debug] [2022-09-01T18:22:44.433Z] <<< [apiv2][status] GET https://firebase.googleapis.com/v1beta1/projects 200
[debug] [2022-09-01T18:22:44.433Z] <<< [apiv2][body] GET https://firebase.googleapis.com/v1beta1/projects [omitted]
[info] i  Using project lisbeth-c7b2a (lisbeth) 
[info] 
=== Database Setup
[info] i  database: ensuring required API firebasedatabase.googleapis.com is enabled... 
[debug] [2022-09-01T18:22:45.202Z] >>> [apiv2][query] GET https://serviceusage.googleapis.com/v1/projects/lisbeth-c7b2a/services/firebasedatabase.googleapis.com [none]
[debug] [2022-09-01T18:22:45.815Z] <<< [apiv2][status] GET https://serviceusage.googleapis.com/v1/projects/lisbeth-c7b2a/services/firebasedatabase.googleapis.com 200
[debug] [2022-09-01T18:22:45.815Z] <<< [apiv2][body] GET https://serviceusage.googleapis.com/v1/projects/lisbeth-c7b2a/services/firebasedatabase.googleapis.com [omitted]
[info] +  database: required API firebasedatabase.googleapis.com is enabled 
[info] 
[debug] [2022-09-01T18:22:45.817Z] >>> [apiv2][query] GET https://firebasedatabase.googleapis.com/v1beta/projects/lisbeth-c7b2a/locations/-/instances/lisbeth-c7b2a-default-rtdb [none]
[debug] [2022-09-01T18:22:46.272Z] <<< [apiv2][status] GET https://firebasedatabase.googleapis.com/v1beta/projects/lisbeth-c7b2a/locations/-/instances/lisbeth-c7b2a-default-rtdb 200
[debug] [2022-09-01T18:22:46.272Z] <<< [apiv2][body] GET https://firebasedatabase.googleapis.com/v1beta/projects/lisbeth-c7b2a/locations/-/instances/lisbeth-c7b2a-default-rtdb {"name":"projects/1065773464093/locations/us-central1/instances/lisbeth-c7b2a-default-rtdb","project":"projects/1065773464093","databaseUrl":"https://lisbeth-c7b2a-default-rtdb.firebaseio.com","type":"DEFAULT_DATABASE","state":"ACTIVE"}
[info] 
[info] Firebase Realtime Database Security Rules allow you to define how your data should be
[info] structured and when your data can be read from and written to.
[info] 
[debug] [2022-09-01T18:22:54.684Z] >>> [apiv2][query] GET https://lisbeth-c7b2a-default-rtdb.firebaseio.com/.settings/rules.json [none]
[debug] [2022-09-01T18:22:54.933Z] <<< [apiv2][status] GET https://lisbeth-c7b2a-default-rtdb.firebaseio.com/.settings/rules.json 200
[debug] [2022-09-01T18:22:54.933Z] <<< [apiv2][body] GET https://lisbeth-c7b2a-default-rtdb.firebaseio.com/.settings/rules.json [stream]
[info] +  Database Rules for lisbeth-c7b2a-default-rtdb have been written to database.rules.json. 
[info] Future modifications to database.rules.json will update Realtime Database Security Rules when you run
[info] firebase deploy.
[info] 
=== Firestore Setup
[debug] [2022-09-01T18:22:54.938Z] >>> [apiv2][query] GET https://serviceusage.googleapis.com/v1/projects/lisbeth-c7b2a/services/firestore.googleapis.com [none]
[debug] [2022-09-01T18:22:55.556Z] <<< [apiv2][status] GET https://serviceusage.googleapis.com/v1/projects/lisbeth-c7b2a/services/firestore.googleapis.com 200
[debug] [2022-09-01T18:22:55.556Z] <<< [apiv2][body] GET https://serviceusage.googleapis.com/v1/projects/lisbeth-c7b2a/services/firestore.googleapis.com [omitted]
[debug] [2022-09-01T18:22:55.557Z] >>> [apiv2][query] GET https://appengine.googleapis.com/v1/apps/lisbeth-c7b2a [none]
[debug] [2022-09-01T18:22:56.171Z] <<< [apiv2][status] GET https://appengine.googleapis.com/v1/apps/lisbeth-c7b2a 200
[debug] [2022-09-01T18:22:56.171Z] <<< [apiv2][body] GET https://appengine.googleapis.com/v1/apps/lisbeth-c7b2a {"name":"apps/lisbeth-c7b2a","id":"lisbeth-c7b2a","authDomain":"gmail.com","locationId":"us-central","codeBucket":"staging.lisbeth-c7b2a.appspot.com","servingStatus":"SERVING","defaultHostname":"lisbeth-c7b2a.uc.r.appspot.com","defaultBucket":"lisbeth-c7b2a.appspot.com","serviceAccount":"lisbeth-c7b2a@appspot.gserviceaccount.com","gcrDomain":"us.gcr.io","databaseType":"CLOUD_FIRESTORE","featureSettings":{"splitHealthChecks":true,"useContainerOptimizedOs":true}}
[debug] [2022-09-01T18:22:56.171Z] database_type: CLOUD_FIRESTORE
[debug] [2022-09-01T18:22:56.171Z] > command requires scopes: ["email","openid","https://www.googleapis.com/auth/cloudplatformprojects.readonly","https://www.googleapis.com/auth/firebase","https://www.googleapis.com/auth/cloud-platform"]
[debug] [2022-09-01T18:22:56.171Z] > authorizing via signed-in user (mibebe0669@gmail.com)
[debug] [2022-09-01T18:22:56.172Z] [iam] checking project lisbeth-c7b2a for permissions ["firebase.projects.get"]
[debug] [2022-09-01T18:22:56.173Z] >>> [apiv2][query] POST https://cloudresourcemanager.googleapis.com/v1/projects/lisbeth-c7b2a:testIamPermissions [none]
[debug] [2022-09-01T18:22:56.173Z] >>> [apiv2][(partial)header] POST https://cloudresourcemanager.googleapis.com/v1/projects/lisbeth-c7b2a:testIamPermissions x-goog-quota-user=projects/lisbeth-c7b2a
[debug] [2022-09-01T18:22:56.173Z] >>> [apiv2][body] POST https://cloudresourcemanager.googleapis.com/v1/projects/lisbeth-c7b2a:testIamPermissions {"permissions":["firebase.projects.get"]}
[debug] [2022-09-01T18:22:56.705Z] <<< [apiv2][status] POST https://cloudresourcemanager.googleapis.com/v1/projects/lisbeth-c7b2a:testIamPermissions 200
[debug] [2022-09-01T18:22:56.705Z] <<< [apiv2][body] POST https://cloudresourcemanager.googleapis.com/v1/projects/lisbeth-c7b2a:testIamPermissions {"permissions":["firebase.projects.get"]}
[info] 
[info] Firestore Security Rules allow you to define how and when to allow
[info] requests. You can keep these rules in your project directory
[info] and publish them with firebase deploy.
[info] 
[debug] [2022-09-01T18:22:59.677Z] >>> [apiv2][query] GET https://firebaserules.googleapis.com/v1/projects/lisbeth-c7b2a/releases pageSize=10&pageToken=
[debug] [2022-09-01T18:22:59.981Z] <<< [apiv2][status] GET https://firebaserules.googleapis.com/v1/projects/lisbeth-c7b2a/releases 200
[debug] [2022-09-01T18:22:59.981Z] <<< [apiv2][body] GET https://firebaserules.googleapis.com/v1/projects/lisbeth-c7b2a/releases {"releases":[{"name":"projects/lisbeth-c7b2a/releases/cloud.firestore","rulesetName":"projects/lisbeth-c7b2a/rulesets/e6670ce2-f9f4-4eee-919f-a6a02064c7a1","createTime":"2022-09-01T18:22:36.412460Z","updateTime":"2022-09-01T18:22:36.412460Z"}]}
[debug] [2022-09-01T18:22:59.981Z] Found ruleset: projects/lisbeth-c7b2a/rulesets/e6670ce2-f9f4-4eee-919f-a6a02064c7a1
[debug] [2022-09-01T18:22:59.981Z] >>> [apiv2][query] GET https://firebaserules.googleapis.com/v1/projects/lisbeth-c7b2a/rulesets/e6670ce2-f9f4-4eee-919f-a6a02064c7a1 [none]
[debug] [2022-09-01T18:23:00.209Z] <<< [apiv2][status] GET https://firebaserules.googleapis.com/v1/projects/lisbeth-c7b2a/rulesets/e6670ce2-f9f4-4eee-919f-a6a02064c7a1 200
[debug] [2022-09-01T18:23:00.209Z] <<< [apiv2][body] GET https://firebaserules.googleapis.com/v1/projects/lisbeth-c7b2a/rulesets/e6670ce2-f9f4-4eee-919f-a6a02064c7a1 [omitted]
[info] 
[info] Firestore indexes allow you to perform complex queries while
[info] maintaining performance that scales with the size of the result
[info] set. You can keep index definitions in your project directory
[info] and publish them with firebase deploy.
[info] 
[debug] [2022-09-01T18:23:01.759Z] >>> [apiv2][query] GET https://firestore.googleapis.com/v1/projects/lisbeth-c7b2a/databases/(default)/collectionGroups/-/indexes [none]
[debug] [2022-09-01T18:23:01.761Z] >>> [apiv2][query] GET https://firestore.googleapis.com/v1/projects/lisbeth-c7b2a/databases/(default)/collectionGroups/-/fields?filter=indexConfig.usesAncestorConfig=false [none]
[debug] [2022-09-01T18:23:02.446Z] <<< [apiv2][status] GET https://firestore.googleapis.com/v1/projects/lisbeth-c7b2a/databases/(default)/collectionGroups/-/indexes 200
[debug] [2022-09-01T18:23:02.446Z] <<< [apiv2][body] GET https://firestore.googleapis.com/v1/projects/lisbeth-c7b2a/databases/(default)/collectionGroups/-/indexes {}
[debug] [2022-09-01T18:23:03.050Z] <<< [apiv2][status] GET https://firestore.googleapis.com/v1/projects/lisbeth-c7b2a/databases/(default)/collectionGroups/-/fields?filter=indexConfig.usesAncestorConfig=false 200
[debug] [2022-09-01T18:23:03.050Z] <<< [apiv2][body] GET https://firestore.googleapis.com/v1/projects/lisbeth-c7b2a/databases/(default)/collectionGroups/-/fields?filter=indexConfig.usesAncestorConfig=false {"fields":[{"name":"projects/lisbeth-c7b2a/databases/(default)/collectionGroups/__default__/fields/*","indexConfig":{"indexes":[{"queryScope":"COLLECTION","fields":[{"fieldPath":"*","order":"ASCENDING"}],"state":"READY"},{"queryScope":"COLLECTION","fields":[{"fieldPath":"*","order":"DESCENDING"}],"state":"READY"},{"queryScope":"COLLECTION","fields":[{"fieldPath":"*","arrayConfig":"CONTAINS"}],"state":"READY"}]}}]}
[info] 
=== Functions Setup
[info] 
[info] A functions directory will be created in your project with sample code
[info] pre-configured. Functions can be deployed with firebase deploy.
[info] 
[debug] [2022-09-01T18:23:03.057Z] > command requires scopes: ["email","openid","https://www.googleapis.com/auth/cloudplatformprojects.readonly","https://www.googleapis.com/auth/firebase","https://www.googleapis.com/auth/cloud-platform"]
[debug] [2022-09-01T18:23:03.057Z] > authorizing via signed-in user (mibebe0669@gmail.com)
[debug] [2022-09-01T18:23:03.057Z] [iam] checking project lisbeth-c7b2a for permissions ["firebase.projects.get"]
[debug] [2022-09-01T18:23:03.057Z] >>> [apiv2][query] POST https://cloudresourcemanager.googleapis.com/v1/projects/lisbeth-c7b2a:testIamPermissions [none]
[debug] [2022-09-01T18:23:03.057Z] >>> [apiv2][(partial)header] POST https://cloudresourcemanager.googleapis.com/v1/projects/lisbeth-c7b2a:testIamPermissions x-goog-quota-user=projects/lisbeth-c7b2a
[debug] [2022-09-01T18:23:03.057Z] >>> [apiv2][body] POST https://cloudresourcemanager.googleapis.com/v1/projects/lisbeth-c7b2a:testIamPermissions {"permissions":["firebase.projects.get"]}
[debug] [2022-09-01T18:23:03.493Z] <<< [apiv2][status] POST https://cloudresourcemanager.googleapis.com/v1/projects/lisbeth-c7b2a:testIamPermissions 200
[debug] [2022-09-01T18:23:03.493Z] <<< [apiv2][body] POST https://cloudresourcemanager.googleapis.com/v1/projects/lisbeth-c7b2a:testIamPermissions {"permissions":["firebase.projects.get"]}
[debug] [2022-09-01T18:23:03.493Z] >>> [apiv2][query] GET https://serviceusage.googleapis.com/v1/projects/lisbeth-c7b2a/services/cloudfunctions.googleapis.com [none]
[debug] [2022-09-01T18:23:03.494Z] >>> [apiv2][query] GET https://serviceusage.googleapis.com/v1/projects/lisbeth-c7b2a/services/runtimeconfig.googleapis.com [none]
[debug] [2022-09-01T18:23:04.097Z] <<< [apiv2][status] GET https://serviceusage.googleapis.com/v1/projects/lisbeth-c7b2a/services/runtimeconfig.googleapis.com 200
[debug] [2022-09-01T18:23:04.097Z] <<< [apiv2][body] GET https://serviceusage.googleapis.com/v1/projects/lisbeth-c7b2a/services/runtimeconfig.googleapis.com [omitted]
[debug] [2022-09-01T18:23:04.102Z] <<< [apiv2][status] GET https://serviceusage.googleapis.com/v1/projects/lisbeth-c7b2a/services/cloudfunctions.googleapis.com 200
[debug] [2022-09-01T18:23:04.102Z] <<< [apiv2][body] GET https://serviceusage.googleapis.com/v1/projects/lisbeth-c7b2a/services/cloudfunctions.googleapis.com [omitted]
[debug] [2022-09-01T18:23:04.103Z] >>> [apiv2][query] POST https://serviceusage.googleapis.com/v1/projects/lisbeth-c7b2a/services/cloudfunctions.googleapis.com:enable [none]
[debug] [2022-09-01T18:23:05.354Z] <<< [apiv2][status] POST https://serviceusage.googleapis.com/v1/projects/lisbeth-c7b2a/services/cloudfunctions.googleapis.com:enable 200
[debug] [2022-09-01T18:23:05.354Z] <<< [apiv2][body] POST https://serviceusage.googleapis.com/v1/projects/lisbeth-c7b2a/services/cloudfunctions.googleapis.com:enable [omitted]
[debug] [2022-09-01T18:23:15.364Z] >>> [apiv2][query] GET https://serviceusage.googleapis.com/v1/projects/lisbeth-c7b2a/services/cloudfunctions.googleapis.com [none]
[debug] [2022-09-01T18:23:16.011Z] <<< [apiv2][status] GET https://serviceusage.googleapis.com/v1/projects/lisbeth-c7b2a/services/cloudfunctions.googleapis.com 200
[debug] [2022-09-01T18:23:16.012Z] <<< [apiv2][body] GET https://serviceusage.googleapis.com/v1/projects/lisbeth-c7b2a/services/cloudfunctions.googleapis.com [omitted]
[info] +  Wrote functions/package.json 
[info] +  Wrote functions/.eslintrc.js 
[info] +  Wrote functions/index.js 
[info] +  Wrote functions/.gitignore 
[info] 
=== Hosting Setup
[info] 
[info] Your public directory is the folder (relative to your project directory) that
[info] will contain Hosting assets to be uploaded with firebase deploy. If you
[info] have a build process for your assets, use your build's output directory.
[info] 
[debug] [2022-09-01T18:25:08.983Z] >>> [apiv2][query] GET https://www.gstatic.com/firebasejs/releases.json [none]
[debug] [2022-09-01T18:25:09.104Z] <<< [apiv2][status] GET https://www.gstatic.com/firebasejs/releases.json 200
[debug] [2022-09-01T18:25:09.104Z] <<< [apiv2][body] GET https://www.gstatic.com/firebasejs/releases.json {"current":{"version":"9.9.3","browserURL":"https://www.gstatic.com/firebasejs/9.9.3/firebase.js","packageURL":"https://www.gstatic.com/firebasejs/9.9.3/firebase.tgz"},"live":{"version":"9.9","browserURL":"https://www.gstatic.com/firebasejs/live/9.9/firebase.js","packageURL":"https://www.gstatic.com/firebasejs/live/9.9/firebase.tgz"},"components":{"analytics":"https://www.gstatic.com/firebasejs/9.9.3/firebase-analytics.js","app":"https://www.gstatic.com/firebasejs/9.9.3/firebase-app.js","app-check":"https://www.gstatic.com/firebasejs/9.9.3/firebase-app-check.js","auth":"https://www.gstatic.com/firebasejs/9.9.3/firebase-auth.js","auth/cordova":"https://www.gstatic.com/firebasejs/9.9.3/firebase-auth/cordova.js","auth/react-native":"https://www.gstatic.com/firebasejs/9.9.3/firebase-auth/react-native.js","functions":"https://www.gstatic.com/firebasejs/9.9.3/firebase-functions.js","firestore":"https://www.gstatic.com/firebasejs/9.9.3/firebase-firestore.js","firestore/lite":"https://www.gstatic.com/firebasejs/9.9.3/firebase-firestore/lite.js","installations":"https://www.gstatic.com/firebasejs/9.9.3/firebase-installations.js","storage":"https://www.gstatic.com/firebasejs/9.9.3/firebase-storage.js","performance":"https://www.gstatic.com/firebasejs/9.9.3/firebase-performance.js","remote-config":"https://www.gstatic.com/firebasejs/9.9.3/firebase-remote-config.js","messaging":"https://www.gstatic.com/firebasejs/9.9.3/firebase-messaging.js","messaging/sw":"https://www.gstatic.com/firebasejs/9.9.3/firebase-messaging/sw.js","database":"https://www.gstatic.com/firebasejs/9.9.3/firebase-database.js","firestore.memory":"https://www.gstatic.com/firebasejs/9.9.3/firebase-firestore.memory.js"}}
[info] +  Wrote public/index.html 
[info] 
[info] i  Didn't detect a .git folder. Assuming C:\Users\USUARIO\Documents\Proyecto lis\Lisbeth\Pagina is the project root. 
[info] i  Authorizing with GitHub to upload your service account to a GitHub repository's secrets store. 
[info] 
[info] Visit this URL on this device to log in:
[info] https://github.com/login/oauth/authorize?client_id=89cf50f02ac6aaed3484&state=673047379&redirect_uri=http%3A%2F%2Flocalhost%3A9005&scope=read%3Auser%20repo%20public_repo
[info] 
[info] Waiting for authentication...
[debug] [2022-09-01T18:25:29.093Z] >>> [apiv2][query] POST https://github.com/login/oauth/access_token [none]
[debug] [2022-09-01T18:25:29.093Z] >>> [apiv2][body] POST https://github.com/login/oauth/access_token [stream]
[debug] [2022-09-01T18:25:29.592Z] <<< [apiv2][status] POST https://github.com/login/oauth/access_token 200
[debug] [2022-09-01T18:25:29.592Z] <<< [apiv2][body] POST https://github.com/login/oauth/access_token {"access_token":"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","token_type":"bearer","scope":"read:user,repo"}
[debug] [2022-09-01T18:25:30.233Z] >>> [apiv2][query] GET https://api.github.com/user [none]
[debug] [2022-09-01T18:25:30.894Z] <<< [apiv2][status] GET https://api.github.com/user 200
[debug] [2022-09-01T18:25:30.895Z] <<< [apiv2][body] GET https://api.github.com/user {"login":"DenilsonVE","id":105899184,"node_id":"U_kgDOBk_ksA","avatar_url":"https://avatars.githubusercontent.com/u/105899184?v=4","gravatar_id":"","url":"https://api.github.com/users/DenilsonVE","html_url":"https://github.com/DenilsonVE","followers_url":"https://api.github.com/users/DenilsonVE/followers","following_url":"https://api.github.com/users/DenilsonVE/following{/other_user}","gists_url":"https://api.github.com/users/DenilsonVE/gists{/gist_id}","starred_url":"https://api.github.com/users/DenilsonVE/starred{/owner}{/repo}","subscriptions_url":"https://api.github.com/users/DenilsonVE/subscriptions","organizations_url":"https://api.github.com/users/DenilsonVE/orgs","repos_url":"https://api.github.com/users/DenilsonVE/repos","events_url":"https://api.github.com/users/DenilsonVE/events{/privacy}","received_events_url":"https://api.github.com/users/DenilsonVE/received_events","type":"User","site_admin":false,"name":null,"company":null,"blog":"","location":null,"email":null,"hireable":null,"bio":null,"twitter_username":null,"public_repos":1,"public_gists":0,"followers":0,"following":0,"created_at":"2022-05-20T02:49:22Z","updated_at":"2022-08-20T15:18:23Z","private_gists":0,"total_private_repos":0,"owned_private_repos":0,"disk_usage":884,"collaborators":0,"two_factor_authentication":false,"plan":{"name":"free","space":976562499,"collaborators":0,"private_repos":10000}}
[info] 
[info] +  Success! Logged into GitHub as DenilsonVE 
[info] 
[debug] [2022-09-01T18:25:38.763Z] >>> [apiv2][query] GET https://api.github.com/repos//actions/secrets/public-key type=owner
[debug] [2022-09-01T18:25:39.055Z] <<< [apiv2][status] GET https://api.github.com/repos//actions/secrets/public-key 404
[debug] [2022-09-01T18:25:39.055Z] <<< [apiv2][body] GET https://api.github.com/repos//actions/secrets/public-key {"message":"Not Found","documentation_url":"https://docs.github.com/rest"}
[debug] [2022-09-01T18:25:39.987Z] >>> [apiv2][query] GET https://api.github.com/repos//actions/secrets/public-key type=owner
[debug] [2022-09-01T18:25:40.275Z] <<< [apiv2][status] GET https://api.github.com/repos//actions/secrets/public-key 404
[debug] [2022-09-01T18:25:40.275Z] <<< [apiv2][body] GET https://api.github.com/repos//actions/secrets/public-key {"message":"Not Found","documentation_url":"https://docs.github.com/rest"}
[debug] [2022-09-01T18:25:40.956Z] >>> [apiv2][query] GET https://api.github.com/repos//actions/secrets/public-key type=owner
[debug] [2022-09-01T18:25:41.259Z] <<< [apiv2][status] GET https://api.github.com/repos//actions/secrets/public-key 404
[debug] [2022-09-01T18:25:41.259Z] <<< [apiv2][body] GET https://api.github.com/repos//actions/secrets/public-key {"message":"Not Found","documentation_url":"https://docs.github.com/rest"}
[debug] [2022-09-01T18:25:42.068Z] >>> [apiv2][query] GET https://api.github.com/repos//actions/secrets/public-key type=owner
[debug] [2022-09-01T18:25:42.220Z] >>> [apiv2][query] GET https://api.github.com/repos//actions/secrets/public-key type=owner
[debug] [2022-09-01T18:25:42.397Z] <<< [apiv2][status] GET https://api.github.com/repos//actions/secrets/public-key 404
[debug] [2022-09-01T18:25:42.397Z] <<< [apiv2][body] GET https://api.github.com/repos//actions/secrets/public-key {"message":"Not Found","documentation_url":"https://docs.github.com/rest"}
[debug] [2022-09-01T18:25:42.512Z] <<< [apiv2][status] GET https://api.github.com/repos//actions/secrets/public-key 404
[debug] [2022-09-01T18:25:42.512Z] <<< [apiv2][body] GET https://api.github.com/repos//actions/secrets/public-key {"message":"Not Found","documentation_url":"https://docs.github.com/rest"}
[debug] [2022-09-01T18:26:07.107Z] >>> [apiv2][query] GET https://api.github.com/repos//actions/secrets/public-key type=owner
[debug] [2022-09-01T18:26:07.419Z] <<< [apiv2][status] GET https://api.github.com/repos//actions/secrets/public-key 404
[debug] [2022-09-01T18:26:07.419Z] <<< [apiv2][body] GET https://api.github.com/repos//actions/secrets/public-key {"message":"Not Found","documentation_url":"https://docs.github.com/rest"}
[debug] [2022-09-01T18:26:09.827Z] >>> [apiv2][query] GET https://api.github.com/repos//actions/secrets/public-key type=owner
[debug] [2022-09-01T18:26:09.979Z] >>> [apiv2][query] GET https://api.github.com/repos//actions/secrets/public-key type=owner
[debug] [2022-09-01T18:26:10.115Z] >>> [apiv2][query] GET https://api.github.com/repos//actions/secrets/public-key type=owner
[debug] [2022-09-01T18:26:10.127Z] <<< [apiv2][status] GET https://api.github.com/repos//actions/secrets/public-key 404
[debug] [2022-09-01T18:26:10.127Z] <<< [apiv2][body] GET https://api.github.com/repos//actions/secrets/public-key {"message":"Not Found","documentation_url":"https://docs.github.com/rest"}
[debug] [2022-09-01T18:26:10.267Z] >>> [apiv2][query] GET https://api.github.com/repos//actions/secrets/public-key type=owner
[debug] [2022-09-01T18:26:10.276Z] <<< [apiv2][status] GET https://api.github.com/repos//actions/secrets/public-key 404
[debug] [2022-09-01T18:26:10.276Z] <<< [apiv2][body] GET https://api.github.com/repos//actions/secrets/public-key {"message":"Not Found","documentation_url":"https://docs.github.com/rest"}
[debug] [2022-09-01T18:26:10.412Z] <<< [apiv2][status] GET https://api.github.com/repos//actions/secrets/public-key 404
[debug] [2022-09-01T18:26:10.412Z] <<< [apiv2][body] GET https://api.github.com/repos//actions/secrets/public-key {"message":"Not Found","documentation_url":"https://docs.github.com/rest"}
[debug] [2022-09-01T18:26:10.442Z] >>> [apiv2][query] GET https://api.github.com/repos//actions/secrets/public-key type=owner
[debug] [2022-09-01T18:26:10.562Z] <<< [apiv2][status] GET https://api.github.com/repos//actions/secrets/public-key 404
[debug] [2022-09-01T18:26:10.562Z] <<< [apiv2][body] GET https://api.github.com/repos//actions/secrets/public-key {"message":"Not Found","documentation_url":"https://docs.github.com/rest"}
[debug] [2022-09-01T18:26:10.765Z] <<< [apiv2][status] GET https://api.github.com/repos//actions/secrets/public-key 404
[debug] [2022-09-01T18:26:10.765Z] <<< [apiv2][body] GET https://api.github.com/repos//actions/secrets/public-key {"message":"Not Found","documentation_url":"https://docs.github.com/rest"}
[debug] [2022-09-01T18:26:18.234Z] >>> [apiv2][query] GET https://api.github.com/repos/user/actions/secrets/public-key type=owner
[debug] [2022-09-01T18:26:18.544Z] <<< [apiv2][status] GET https://api.github.com/repos/user/actions/secrets/public-key 404
[debug] [2022-09-01T18:26:18.544Z] <<< [apiv2][body] GET https://api.github.com/repos/user/actions/secrets/public-key {"message":"Not Found","documentation_url":"https://docs.github.com/rest"}
[debug] [2022-09-01T18:26:18.708Z] >>> [apiv2][query] GET https://api.github.com/repos/user/actions/secrets/public-key type=owner
[debug] [2022-09-01T18:26:19.014Z] <<< [apiv2][status] GET https://api.github.com/repos/user/actions/secrets/public-key 404
[debug] [2022-09-01T18:26:19.014Z] <<< [apiv2][body] GET https://api.github.com/repos/user/actions/secrets/public-key {"message":"Not Found","documentation_url":"https://docs.github.com/rest"}
[debug] [2022-09-01T18:26:21.778Z] >>> [apiv2][query] GET https://api.github.com/repos/user/repository/actions/secrets/public-key type=owner
[debug] [2022-09-01T18:26:22.082Z] <<< [apiv2][status] GET https://api.github.com/repos/user/repository/actions/secrets/public-key 404
[debug] [2022-09-01T18:26:22.082Z] <<< [apiv2][body] GET https://api.github.com/repos/user/repository/actions/secrets/public-key {"message":"Not Found","documentation_url":"https://docs.github.com/rest/reference/actions#get-a-repository-public-key"}
[debug] [2022-09-01T18:26:26.546Z] >>> [apiv2][query] GET https://api.github.com/repos/yes/actions/secrets/public-key type=owner
[debug] [2022-09-01T18:26:26.850Z] <<< [apiv2][status] GET https://api.github.com/repos/yes/actions/secrets/public-key 404
[debug] [2022-09-01T18:26:26.850Z] <<< [apiv2][body] GET https://api.github.com/repos/yes/actions/secrets/public-key {"message":"Not Found","documentation_url":"https://docs.github.com/rest"}
[debug] [2022-09-01T18:26:27.218Z] >>> [apiv2][query] GET https://api.github.com/repos/y/actions/secrets/public-key type=owner
[debug] [2022-09-01T18:26:27.521Z] <<< [apiv2][status] GET https://api.github.com/repos/y/actions/secrets/public-key 404
[debug] [2022-09-01T18:26:27.521Z] <<< [apiv2][body] GET https://api.github.com/repos/y/actions/secrets/public-key {"message":"Not Found","documentation_url":"https://docs.github.com/rest"}
[debug] [2022-09-01T18:26:46.370Z] >>> [apiv2][query] GET https://api.github.com/repos/denilson/actions/secrets/public-key type=owner
[debug] [2022-09-01T18:26:46.717Z] <<< [apiv2][status] GET https://api.github.com/repos/denilson/actions/secrets/public-key 404
[debug] [2022-09-01T18:26:46.717Z] <<< [apiv2][body] GET https://api.github.com/repos/denilson/actions/secrets/public-key {"message":"Not Found","documentation_url":"https://docs.github.com/rest"}
